"14.11.2023 03:21:32 - [INFO] - Парсер запущен."
"14.11.2023 03:21:32 - [INFO] - Аргументы команной строки: Namespace(mode='latest-versions', clear_cache=False, output='file')"
"14.11.2023 03:21:32 - [INFO] - Файл с результатами был сохранен: /Users/elizavetasemenova/Desktop/dev/parser_yap/results/latest-versions_2023-11-14_03-21-32.csv"
"14.11.2023 03:21:32 - [INFO] - Парсер завершил работу."
"14.11.2023 03:55:48 - [INFO] - Парсер запущен."
"14.11.2023 03:55:48 - [INFO] - Аргументы команной строки: Namespace(mode='whats-new', clear_cache=False, output='file')"
"14.11.2023 03:55:52 - [INFO] - Файл с результатами был сохранен: /Users/elizavetasemenova/Desktop/dev/parser_yap/results/whats-new_2023-11-14_03-55-52.csv"
"14.11.2023 03:55:52 - [INFO] - Парсер завершил работу."
"14.11.2023 03:56:17 - [INFO] - Парсер запущен."
"14.11.2023 03:56:17 - [INFO] - Аргументы команной строки: Namespace(mode='whats-new', clear_cache=False, output='pretty')"
"14.11.2023 03:56:20 - [INFO] - Парсер завершил работу."
"14.11.2023 03:59:40 - [INFO] - Парсер запущен."
"14.11.2023 03:59:40 - [INFO] - Аргументы команной строки: Namespace(mode='whats-new', clear_cache=False, output='pretty')"
"14.11.2023 03:59:44 - [INFO] - Парсер завершил работу."
"14.11.2023 03:59:50 - [INFO] - Парсер запущен."
"14.11.2023 03:59:50 - [INFO] - Аргументы команной строки: Namespace(mode='latest-versions', clear_cache=False, output='file')"
"14.11.2023 03:59:50 - [INFO] - Файл с результатами был сохранен: /Users/elizavetasemenova/Desktop/dev/parser_yap/results/latest-versions_2023-11-14_03-59-50.csv"
"14.11.2023 03:59:50 - [INFO] - Парсер завершил работу."
"14.11.2023 04:00:04 - [INFO] - Парсер запущен."
"14.11.2023 04:00:04 - [INFO] - Аргументы команной строки: Namespace(mode='download', clear_cache=False, output='file')"
"14.11.2023 04:00:07 - [INFO] - Архив был загружен и сохранен: /Users/elizavetasemenova/Desktop/dev/parser_yap/downloads/python-3.12.0-docs-pdf-a4.zip"
"14.11.2023 04:00:07 - [INFO] - Парсер завершил работу."
